 0.756128
-0.431863
-1.622401

 0.643072
1.063395
-0.345791

 0.658816
0.949579
1.921330

 0.755840
-0.025589
-1.287600

 1.026464
1.213289
-6.438108

 0.723648
-1.470528
-5.451617

 0.882080
-4.452458
0.739433

 0.849664
-1.199244
-2.314241

 0.834848
0.746152
-4.218482

 0.655424
-1.110263
3.576630

 0.692576
-2.453103
2.010393

 0.770752
-7.189002
-1.656994

 0.993152
-0.881821
3.538974

 1.178848
7.600683
0.764399

 1.534976
5.079798
-6.501378

 2.703232
1.085680
5.703630

 4.279776
1.382011
-2.158577

 7.497024
-3.659116
-7.351495

 14.365728
-1.632531
-4.767094

 25.495264
7.465662
-0.733542

